Reading netlist file: "/home/dev/dev/fpga/projects/manchester/gowin/manchester/impl/gwsynthesis/manchester.vg"
Parsing netlist file "/home/dev/dev/fpga/projects/manchester/gowin/manchester/impl/gwsynthesis/manchester.vg" completed
Processing netlist completed
Reading constraint file: "/home/dev/dev/fpga/projects/manchester/const/tang_nano_9k.cst"
Physical Constraint parsed completed
Running placement......
[10%] Placement Phase 0 completed
[20%] Placement Phase 1 completed
[30%] Placement Phase 2 completed
[50%] Placement Phase 3 completed
Running routing......
[60%] Routing Phase 0 completed
[70%] Routing Phase 1 completed
[80%] Routing Phase 2 completed
[90%] Routing Phase 3 completed
Running timing analysis......
[95%] Timing analysis completed
Placement and routing completed
Bitstream generation in progress......
Bitstream generation completed
Running power analysis......
[100%] Power analysis completed
Generate file "/home/dev/dev/fpga/projects/manchester/gowin/manchester/impl/pnr/manchester.power.html" completed
Generate file "/home/dev/dev/fpga/projects/manchester/gowin/manchester/impl/pnr/manchester.pin.html" completed
Generate file "/home/dev/dev/fpga/projects/manchester/gowin/manchester/impl/pnr/manchester.rpt.html" completed
Generate file "/home/dev/dev/fpga/projects/manchester/gowin/manchester/impl/pnr/manchester.rpt.txt" completed
Generate file "/home/dev/dev/fpga/projects/manchester/gowin/manchester/impl/pnr/manchester.tr.html" completed
Sat Aug 23 22:29:24 2025

